Started by user [8mha:////4BlbH/uGgxBkRPWUZZ6tkXHAbq5SE/PYpeI1i6An41EpAAAAmR+LCAAAAAAAAP9b85aBtbiIQTGjNKU4P08vOT+vOD8nVc83PyU1x6OyILUoJzMv2y+/JJUBAhiZGBgqihhk0NSjKDWzXb3RdlLBUSYGJk8GtpzUvPSSDB8G5tKinBIGIZ+sxLJE/ZzEvHT94JKizLx0a6BxUmjGOUNodHsLgAyBEgZe/dLi1CL9xLyS/LzMfACwMxzHwgAAAA==[0mAntonio Quintero
Building in workspace /var/jenkins/home/jobs/Docket_test_job/workspace
java.io.IOException: Failed to mkdirs: /var/jenkins/home/jobs/Docket_test_job/workspace
	at hudson.FilePath.mkdirs(FilePath.java:1169)
	at hudson.model.AbstractProject.checkout(AbstractProject.java:1276)
	at hudson.model.AbstractBuild$AbstractBuildExecution.defaultCheckout(AbstractBuild.java:604)
	at jenkins.scm.SCMCheckoutStrategy.checkout(SCMCheckoutStrategy.java:86)
	at hudson.model.AbstractBuild$AbstractBuildExecution.run(AbstractBuild.java:529)
	at hudson.model.Run.execute(Run.java:1728)
	at hudson.model.FreeStyleBuild.run(FreeStyleBuild.java:43)
	at hudson.model.ResourceController.execute(ResourceController.java:98)
	at hudson.model.Executor.run(Executor.java:404)
Recording test results
ERROR: Build step failed with exception
[8mha:////4DK3jQhXZbKA2xbGQraNTbuwfJRgi+hwUCMOZtrIuR59AAAAWB+LCAAAAAAAAP9b85aBtbiIQSmjNKU4P08vOT+vOD8nVc8DzHWtSE4tKMnMz/PLL0ldFVf2c+b/lb5MDAwVRQxSaBqcITRIIQMEMIIUFgAAckCEiWAAAAA=[0m/var/jenkins/home/jobs/Docket_test_job/workspace does not exist.
	at org.apache.tools.ant.types.AbstractFileSet.getDirectoryScanner(AbstractFileSet.java:483)
	at org.apache.tools.ant.types.AbstractFileSet.getDirectoryScanner(AbstractFileSet.java:460)
	at hudson.tasks.junit.JUnitParser$ParseResultCallable.invoke(JUnitParser.java:127)
	at hudson.tasks.junit.JUnitParser$ParseResultCallable.invoke(JUnitParser.java:107)
	at hudson.FilePath.act(FilePath.java:996)
	at hudson.FilePath.act(FilePath.java:974)
	at hudson.tasks.junit.JUnitParser.parseResult(JUnitParser.java:103)
	at hudson.tasks.junit.JUnitResultArchiver.parse(JUnitResultArchiver.java:128)
	at hudson.tasks.junit.JUnitResultArchiver.perform(JUnitResultArchiver.java:149)
	at hudson.tasks.BuildStepCompatibilityLayer.perform(BuildStepCompatibilityLayer.java:78)
	at hudson.tasks.BuildStepMonitor$1.perform(BuildStepMonitor.java:20)
	at hudson.model.AbstractBuild$AbstractBuildExecution.perform(AbstractBuild.java:779)
	at hudson.model.AbstractBuild$AbstractBuildExecution.performAllBuildSteps(AbstractBuild.java:720)
	at hudson.model.Build$BuildExecution.post2(Build.java:185)
	at hudson.model.AbstractBuild$AbstractBuildExecution.post(AbstractBuild.java:665)
	at hudson.model.Run.execute(Run.java:1753)
	at hudson.model.FreeStyleBuild.run(FreeStyleBuild.java:43)
	at hudson.model.ResourceController.execute(ResourceController.java:98)
	at hudson.model.Executor.run(Executor.java:404)
Build step 'Publish JUnit test result report' marked build as failure
Finished: FAILURE
